DemographyDebugger
╠════════════════════════════════╗
║ Epoch[0]: [0, 166) generations ║
╠════════════════════════════════╝
╟    Populations (total=11 active=8)
║    ┌───────────────────────────────────────────────────────────────────────────────────────────────────────────────┐
║    │                │     start│       end│growth_rate  │ present_bronze │ Yam │ Neo │ EHG │ WHG │ BAA │ CHG │ Ana │
║    ├───────────────────────────────────────────────────────────────────────────────────────────────────────────────┤
║    │  present_bronze│   50000.0│   50000.0│ 0           │       0        │  0  │  0  │  0  │  0  │  0  │  0  │  0  │
║    │             Yam│   20000.0│   20000.0│ 0           │       0        │  0  │  0  │  0  │  0  │  0  │  0  │  0  │
║    │             Neo│   50000.0│   50000.0│ 0           │       0        │  0  │  0  │  0  │  0  │  0  │  0  │  0  │
║    │             EHG│    3000.0│    3000.0│ 0           │       0        │  0  │  0  │  0  │  0  │  0  │  0  │  0  │
║    │             WHG│    2000.0│    2000.0│ 0           │       0        │  0  │  0  │  0  │  0  │  0  │  0  │  0  │
║    │             BAA│   20000.0│   20000.0│ 0           │       0        │  0  │  0  │  0  │  0  │  0  │  0  │  0  │
║    │             CHG│    3000.0│    3000.0│ 0           │       0        │  0  │  0  │  0  │  0  │  0  │  0  │  0  │
║    │             Ana│    5000.0│    5000.0│ 0           │       0        │  0  │  0  │  0  │  0  │  0  │  0  │  0  │
║    └───────────────────────────────────────────────────────────────────────────────────────────────────────────────┘
╟    Events @ generation 166
║    ┌──────────────────────────────────────────────────────────────────────────────────┐
║    │  time│type       │parameters              │effect                                │
║    ├──────────────────────────────────────────────────────────────────────────────────┤
║    │   166│Admixture  │derived=present_bronze  │Moves all lineages from admixed       │
║    │      │           │ancestral=[Neo, Yam]    │population 'present_bronze' to        │
║    │      │           │proportions=[0.50,      │ancestral populations. Lineages move  │
║    │      │           │0.50]                   │to 'Neo' with proba 0.5; 'Yam' with   │
║    │      │           │                        │proba 0.5. Set 'present_bronze' to    │
║    │      │           │                        │inactive, and all migration rates to  │
║    │      │           │                        │and from 'present_bronze' to zero.    │
║    └──────────────────────────────────────────────────────────────────────────────────┘
╠══════════════════════════════════╗
║ Epoch[1]: [166, 169) generations ║
╠══════════════════════════════════╝
╟    Populations (total=11 active=7)
║    ┌───────────────────────────────────────────────────────────────────────────────────┐
║    │     │     start│       end│growth_rate  │ Yam │ Neo │ EHG │ WHG │ BAA │ CHG │ Ana │
║    ├───────────────────────────────────────────────────────────────────────────────────┤
║    │  Yam│   20000.0│   20000.0│ 0           │  0  │  0  │  0  │  0  │  0  │  0  │  0  │
║    │  Neo│   50000.0│   50000.0│ 0           │  0  │  0  │  0  │  0  │  0  │  0  │  0  │
║    │  EHG│    3000.0│    3000.0│ 0           │  0  │  0  │  0  │  0  │  0  │  0  │  0  │
║    │  WHG│    2000.0│    2000.0│ 0           │  0  │  0  │  0  │  0  │  0  │  0  │  0  │
║    │  BAA│   20000.0│   20000.0│ 0           │  0  │  0  │  0  │  0  │  0  │  0  │  0  │
║    │  CHG│    3000.0│    3000.0│ 0           │  0  │  0  │  0  │  0  │  0  │  0  │  0  │
║    │  Ana│    5000.0│    5000.0│ 0           │  0  │  0  │  0  │  0  │  0  │  0  │  0  │
║    └───────────────────────────────────────────────────────────────────────────────────┘
╟    Events @ generation 169
║    ┌────────────────────────────────────────────────────────────────────────────────┐
║    │  time│type       │parameters            │effect                                │
║    ├────────────────────────────────────────────────────────────────────────────────┤
║    │   169│Admixture  │derived=BAA           │Moves all lineages from admixed       │
║    │      │           │ancestral=[CHG, Ana]  │population 'BAA' to ancestral         │
║    │      │           │proportions=[0.25,    │populations. Lineages move to 'CHG'   │
║    │      │           │0.75]                 │with proba 0.25; 'Ana' with proba     │
║    │      │           │                      │0.75. Set 'BAA' to inactive, and all  │
║    │      │           │                      │migration rates to and from 'BAA' to  │
║    │      │           │                      │zero.                                 │
║    └────────────────────────────────────────────────────────────────────────────────┘
╠══════════════════════════════════╗
║ Epoch[2]: [169, 177) generations ║
╠══════════════════════════════════╝
╟    Populations (total=11 active=6)
║    ┌─────────────────────────────────────────────────────────────────────────────┐
║    │     │     start│       end│growth_rate  │ Yam │ Neo │ EHG │ WHG │ CHG │ Ana │
║    ├─────────────────────────────────────────────────────────────────────────────┤
║    │  Yam│   20000.0│   20000.0│ 0           │  0  │  0  │  0  │  0  │  0  │  0  │
║    │  Neo│   50000.0│   50000.0│ 0           │  0  │  0  │  0  │  0  │  0  │  0  │
║    │  EHG│    3000.0│    3000.0│ 0           │  0  │  0  │  0  │  0  │  0  │  0  │
║    │  WHG│    2000.0│    2000.0│ 0           │  0  │  0  │  0  │  0  │  0  │  0  │
║    │  CHG│    3000.0│    3000.0│ 0           │  0  │  0  │  0  │  0  │  0  │  0  │
║    │  Ana│    5000.0│    5000.0│ 0           │  0  │  0  │  0  │  0  │  0  │  0  │
║    └─────────────────────────────────────────────────────────────────────────────┘
╟    Events @ generation 177
║    ┌─────────────────────────────────────────────────────────────────────────────────┐
║    │  time│type       │parameters            │effect                                 │
║    ├─────────────────────────────────────────────────────────────────────────────────┤
║    │   177│Admixture  │derived=Yam           │Moves all lineages from admixed        │
║    │      │           │ancestral=[CHG, EHG]  │population 'Yam' to ancestral          │
║    │      │           │proportions=[0.50,    │populations. Lineages move to 'CHG'    │
║    │      │           │0.50]                 │with proba 0.5; 'EHG' with proba 0.5.  │
║    │      │           │                      │Set 'Yam' to inactive, and all         │
║    │      │           │                      │migration rates to and from 'Yam' to   │
║    │      │           │                      │zero.                                  │
║    └─────────────────────────────────────────────────────────────────────────────────┘
╠══════════════════════════════════╗
║ Epoch[3]: [177, 259) generations ║
╠══════════════════════════════════╝
╟    Populations (total=11 active=5)
║    ┌───────────────────────────────────────────────────────────────────────┐
║    │     │     start│       end│growth_rate  │ Neo │ EHG │ WHG │ CHG │ Ana │
║    ├───────────────────────────────────────────────────────────────────────┤
║    │  Neo│   50000.0│   50000.0│ 0           │  0  │  0  │  0  │  0  │  0  │
║    │  EHG│    3000.0│    3000.0│ 0           │  0  │  0  │  0  │  0  │  0  │
║    │  WHG│    2000.0│    2000.0│ 0           │  0  │  0  │  0  │  0  │  0  │
║    │  CHG│    3000.0│    3000.0│ 0           │  0  │  0  │  0  │  0  │  0  │
║    │  Ana│    5000.0│    5000.0│ 0           │  0  │  0  │  0  │  0  │  0  │
║    └───────────────────────────────────────────────────────────────────────┘
╟    Events @ generation 259
║    ┌────────────────────────────────────────────────────────────────────────────────┐
║    │  time│type       │parameters            │effect                                │
║    ├────────────────────────────────────────────────────────────────────────────────┤
║    │   259│Admixture  │derived=Neo           │Moves all lineages from admixed       │
║    │      │           │ancestral=[WHG, Ana]  │population 'Neo' to ancestral         │
║    │      │           │proportions=[0.25,    │populations. Lineages move to 'WHG'   │
║    │      │           │0.75]                 │with proba 0.25; 'Ana' with proba     │
║    │      │           │                      │0.75. Set 'Neo' to inactive, and all  │
║    │      │           │                      │migration rates to and from 'Neo' to  │
║    │      │           │                      │zero.                                 │
║    └────────────────────────────────────────────────────────────────────────────────┘
╠══════════════════════════════════╗
║ Epoch[4]: [259, 350) generations ║
╠══════════════════════════════════╝
╟    Populations (total=11 active=4)
║    ┌───────────────────────────────────────────────────────────────┐
║    │     │    start│      end│growth_rate  │ EHG │ WHG │ CHG │ Ana │
║    ├───────────────────────────────────────────────────────────────┤
║    │  EHG│   3000.0│   3000.0│ 0           │  0  │  0  │  0  │  0  │
║    │  WHG│   2000.0│   2000.0│ 0           │  0  │  0  │  0  │  0  │
║    │  CHG│   3000.0│   3000.0│ 0           │  0  │  0  │  0  │  0  │
║    │  Ana│   5000.0│   5000.0│ 0           │  0  │  0  │  0  │  0  │
║    └───────────────────────────────────────────────────────────────┘
╟    Events @ generation 350
║    ┌────────────────────────────────────────────────────────────────┐
║    │  time│type    │parameters  │effect                             │
║    ├────────────────────────────────────────────────────────────────┤
║    │   350│Census  │            │Insert census nodes to record the  │
║    │      │        │            │location of all lineages           │
║    └────────────────────────────────────────────────────────────────┘
╠══════════════════════════════════╗
║ Epoch[5]: [350, 600) generations ║
╠══════════════════════════════════╝
╟    Populations (total=11 active=4)
║    ┌───────────────────────────────────────────────────────────────┐
║    │     │    start│      end│growth_rate  │ EHG │ WHG │ CHG │ Ana │
║    ├───────────────────────────────────────────────────────────────┤
║    │  EHG│   3000.0│   3000.0│ 0           │  0  │  0  │  0  │  0  │
║    │  WHG│   2000.0│   2000.0│ 0           │  0  │  0  │  0  │  0  │
║    │  CHG│   3000.0│   3000.0│ 0           │  0  │  0  │  0  │  0  │
║    │  Ana│   5000.0│   5000.0│ 0           │  0  │  0  │  0  │  0  │
║    └───────────────────────────────────────────────────────────────┘
╟    Events @ generation 600
║    ┌────────────────────────────────────────────────────────────────────────────────┐
║    │  time│type        │parameters           │effect                                │
║    ├────────────────────────────────────────────────────────────────────────────────┤
║    │   600│Population  │derived=[WHG, EHG],  │Moves all lineages from derived       │
║    │      │Split       │ancestral=NE         │populations 'WHG' and 'EHG' to the    │
║    │      │            │                     │ancestral 'NE' population. Also set   │
║    │      │            │                     │the derived populations to inactive,  │
║    │      │            │                     │and all migration rates to and from   │
║    │      │            │                     │the derived populations to zero.      │
║    └────────────────────────────────────────────────────────────────────────────────┘
╠══════════════════════════════════╗
║ Epoch[6]: [600, 800) generations ║
╠══════════════════════════════════╝
╟    Populations (total=11 active=3)
║    ┌──────────────────────────────────────────────────────────┐
║    │     │     start│       end│growth_rate  │ NE │ CHG │ Ana │
║    ├──────────────────────────────────────────────────────────┤
║    │   NE│   15000.0│   15000.0│ 0           │ 0  │  0  │  0  │
║    │  CHG│    3000.0│    3000.0│ 0           │ 0  │  0  │  0  │
║    │  Ana│    5000.0│    5000.0│ 0           │ 0  │  0  │  0  │
║    └──────────────────────────────────────────────────────────┘
╟    Events @ generation 800
║    ┌────────────────────────────────────────────────────────────────────────────────┐
║    │  time│type        │parameters           │effect                                │
║    ├────────────────────────────────────────────────────────────────────────────────┤
║    │   800│Population  │derived=[CHG, Ana],  │Moves all lineages from derived       │
║    │      │Split       │ancestral=WA         │populations 'CHG' and 'Ana' to the    │
║    │      │            │                     │ancestral 'WA' population. Also set   │
║    │      │            │                     │the derived populations to inactive,  │
║    │      │            │                     │and all migration rates to and from   │
║    │      │            │                     │the derived populations to zero.      │
║    └────────────────────────────────────────────────────────────────────────────────┘
╠══════════════════════════════════════╗
║ Epoch[7]: [800, 1.5e+03) generations ║
╠══════════════════════════════════════╝
╟    Populations (total=11 active=2)
║    ┌──────────────────────────────────────────────────┐
║    │    │     start│       end│growth_rate  │ NE │ WA │
║    ├──────────────────────────────────────────────────┤
║    │  NE│   15000.0│   15000.0│ 0           │ 0  │ 0  │
║    │  WA│   15000.0│   15000.0│ 0           │ 0  │ 0  │
║    └──────────────────────────────────────────────────┘
╟    Events @ generation 1.5e+03
║    ┌────────────────────────────────────────────────────────────────────────────────┐
║    │  time│type        │parameters         │effect                                  │
║    ├────────────────────────────────────────────────────────────────────────────────┤
║    │  1500│Population  │derived=[WA, NE],  │Moves all lineages from derived         │
║    │      │Split       │ancestral=trunk    │populations 'WA' and 'NE' to the        │
║    │      │            │                   │ancestral 'trunk' population. Also set  │
║    │      │            │                   │the derived populations to inactive,    │
║    │      │            │                   │and all migration rates to and from     │
║    │      │            │                   │the derived populations to zero.        │
║    └────────────────────────────────────────────────────────────────────────────────┘
╠══════════════════════════════════════╗
║ Epoch[8]: [1.5e+03, inf) generations ║
╠══════════════════════════════════════╝
╟    Populations (total=11 active=1)
║    ┌───────────────────────────────────────────┐
║    │       │     start│       end│growth_rate  │
║    ├───────────────────────────────────────────┤
║    │  trunk│   15000.0│   15000.0│ 0           │
║    └───────────────────────────────────────────┘

